#
# There is insufficient memory for the Java Runtime Environment to continue.
# Native memory allocation (mmap) failed to map 132120576 bytes for G1 virtual space
# Possible reasons:
#   The system is out of physical RAM or swap space
#   The process is running with CompressedOops enabled, and the Java Heap may be blocking the growth of the native heap
# Possible solutions:
#   Reduce memory load on the system
#   Increase physical memory or swap space
#   Check if swap backing store is full
#   Decrease Java heap size (-Xmx/-Xms)
#   Decrease number of Java threads
#   Decrease Java thread stack sizes (-Xss)
#   Set larger code cache with -XX:ReservedCodeCacheSize=
#   JVM is running with Unscaled Compressed Oops mode in which the Java heap is
#     placed in the first 4GB address space. The Java Heap base address is the
#     maximum limit for the native heap growth. Please use -XX:HeapBaseMinAddress
#     to set the Java Heap base and to place the Java Heap above 4GB virtual address.
# This output file may be truncated or incomplete.
#
#  Out of Memory Error (os_windows.cpp:3613), pid=9824, tid=8008
#
# JRE version:  (17.0.9+9) (build )
# Java VM: OpenJDK 64-Bit Server VM (17.0.9+9-jvmci-23.0-b22, mixed mode, emulated-client, sharing, tiered, jvmci, jvmci compiler, compressed oops, compressed class ptrs, g1 gc, windows-amd64)
# No core dump will be written. Minidumps are not enabled by default on client versions of Windows
#

---------------  S U M M A R Y ------------

Command Line: -XX:ThreadPriorityPolicy=1 -XX:+UnlockExperimentalVMOptions -XX:+EnableJVMCIProduct -XX:-UnlockExperimentalVMOptions -XX:TieredStopAtLevel=1 -Dspring.output.ansi.enabled=always -Dcom.sun.management.jmxremote -Dspring.jmx.enabled=true -Dspring.liveBeansView.mbeanDomain -Dspring.application.admin.enabled=true -Dmanagement.endpoints.jmx.exposure.include=* -javaagent:C:\Program Files\JetBrains\IntelliJ IDEA 2023.1.1\lib\idea_rt.jar=62067:C:\Program Files\JetBrains\IntelliJ IDEA 2023.1.1\bin -Dfile.encoding=UTF-8 com.hedspi.flashcardbe.FlashcardBeApplication

Host: Intel(R) Core(TM) i5-1035G1 CPU @ 1.00GHz, 8 cores, 7G,  Windows 10 , 64 bit Build 19041 (10.0.19041.3636)
Time: Wed Jul  3 10:34:29 2024 SE Asia Standard Time elapsed time: 0.018464 seconds (0d 0h 0m 0s)

---------------  T H R E A D  ---------------

Current thread (0x000001d03ee93310):  JavaThread "Unknown thread" [_thread_in_vm, id=8008, stack(0x00000019a9200000,0x00000019a9300000)]

Stack: [0x00000019a9200000,0x00000019a9300000]
Native frames: (J=compiled Java code, j=interpreted, Vv=VM code, C=native code)
V  [jvm.dll+0x66c779]
V  [jvm.dll+0x7cdc78]
V  [jvm.dll+0x7cf73e]
V  [jvm.dll+0x7cfdf3]
V  [jvm.dll+0x245cef]
V  [jvm.dll+0x669589]
V  [jvm.dll+0x65dfaa]
V  [jvm.dll+0x303c86]
V  [jvm.dll+0x30b1a6]
V  [jvm.dll+0x35ab1e]
V  [jvm.dll+0x35ad4f]
V  [jvm.dll+0x2daa28]
V  [jvm.dll+0x2db994]
V  [jvm.dll+0x7a0201]
V  [jvm.dll+0x368771]
V  [jvm.dll+0x77ed58]
V  [jvm.dll+0x3ec54f]
V  [jvm.dll+0x3ee091]
C  [jli.dll+0x5287]
C  [ucrtbase.dll+0x21bb2]
C  [KERNEL32.DLL+0x17344]
C  [ntdll.dll+0x4cc91]


---------------  P R O C E S S  ---------------

Threads class SMR info:
_java_thread_list=0x00007ffe53c7ea98, length=0, elements={
}

Java Threads: ( => current thread )

Other Threads:
  0x000001d03eeeb290 GCTaskThread "GC Thread#0" [stack: 0x00000019a9300000,0x00000019a9400000] [id=4208]
  0x000001d03ccfde30 ConcurrentGCThread "G1 Main Marker" [stack: 0x00000019a9400000,0x00000019a9500000] [id=6116]
  0x000001d03eefb800 ConcurrentGCThread "G1 Conc#0" [stack: 0x00000019a9500000,0x00000019a9600000] [id=13752]

[error occurred during error reporting (printing all threads), id 0xc0000005, EXCEPTION_ACCESS_VIOLATION (0xc0000005) at pc=0x00007ffe534bb807]

VM state: not at safepoint (not fully initialized)

VM Mutex/Monitor currently owned by a thread:  ([mutex/lock_event])
[0x000001d03ee8e6f0] Heap_lock - owner thread: 0x000001d03ee93310

Heap address: 0x0000000083600000, size: 1994 MB, Compressed Oops mode: 32-bit

CDS archive(s) mapped at: [0x0000000000000000-0x0000000000000000-0x0000000000000000), size 0, SharedBaseAddress: 0x0000000800000000, ArchiveRelocationMode: 1.
Narrow klass base: 0x0000000000000000, Narrow klass shift: 0, Narrow klass range: 0x0

GC Precious Log:
<Empty>

Heap:
 garbage-first heap   total 0K, used 0K [0x0000000083600000, 0x0000000100000000)
  region size 1024K, 0 young (0K), 0 survivors (0K)

[error occurred during error reporting (printing heap information), id 0xc0000005, EXCEPTION_ACCESS_VIOLATION (0xc0000005) at pc=0x00007ffe53896019]

GC Heap History (0 events):
No events

Dll operation events (1 events):
Event: 0.012 Loaded shared library C:\Users\PC\.jdks\graalvm-jdk-17.0.9\bin\java.dll

Deoptimization events (0 events):
No events

Classes unloaded (0 events):
No events

Classes redefined (0 events):
No events

Internal exceptions (0 events):
No events

VM Operations (0 events):
No events

Events (0 events):
No events


Dynamic libraries:
0x00007ff784200000 - 0x00007ff78420e000 	C:\Users\PC\.jdks\graalvm-jdk-17.0.9\bin\java.exe
0x00007ffecc8d0000 - 0x00007ffeccac8000 	C:\WINDOWS\SYSTEM32\ntdll.dll
0x00007ffecb240000 - 0x00007ffecb2fd000 	C:\WINDOWS\System32\KERNEL32.DLL
0x00007ffeca200000 - 0x00007ffeca4f6000 	C:\WINDOWS\System32\KERNELBASE.dll
0x00007ffeca640000 - 0x00007ffeca740000 	C:\WINDOWS\System32\ucrtbase.dll
0x00007ffeaeb00000 - 0x00007ffeaeb1b000 	C:\Users\PC\.jdks\graalvm-jdk-17.0.9\bin\VCRUNTIME140.dll
0x00007ffeaec10000 - 0x00007ffeaec27000 	C:\Users\PC\.jdks\graalvm-jdk-17.0.9\bin\jli.dll
0x00007ffecbdc0000 - 0x00007ffecbf5f000 	C:\WINDOWS\System32\USER32.dll
0x00007ffeaf6d0000 - 0x00007ffeaf96a000 	C:\WINDOWS\WinSxS\amd64_microsoft.windows.common-controls_6595b64144ccf1df_6.0.19041.4355_none_60b8b9eb71f62e16\COMCTL32.dll
0x00007ffeca500000 - 0x00007ffeca522000 	C:\WINDOWS\System32\win32u.dll
0x00007ffecbf60000 - 0x00007ffecbf8b000 	C:\WINDOWS\System32\GDI32.dll
0x00007ffecc6c0000 - 0x00007ffecc75e000 	C:\WINDOWS\System32\msvcrt.dll
0x00007ffeca7f0000 - 0x00007ffeca907000 	C:\WINDOWS\System32\gdi32full.dll
0x00007ffec9f90000 - 0x00007ffeca02d000 	C:\WINDOWS\System32\msvcp_win.dll
0x00007ffecb080000 - 0x00007ffecb0af000 	C:\WINDOWS\System32\IMM32.DLL
0x00007ffeaed10000 - 0x00007ffeaed1c000 	C:\Users\PC\.jdks\graalvm-jdk-17.0.9\bin\vcruntime140_1.dll
0x00007ffea75f0000 - 0x00007ffea767e000 	C:\Users\PC\.jdks\graalvm-jdk-17.0.9\bin\msvcp140.dll
0x00007ffe531d0000 - 0x00007ffe53da8000 	C:\Users\PC\.jdks\graalvm-jdk-17.0.9\bin\server\jvm.dll
0x00007ffecb4e0000 - 0x00007ffecb590000 	C:\WINDOWS\System32\ADVAPI32.dll
0x00007ffecb920000 - 0x00007ffecb9c0000 	C:\WINDOWS\System32\sechost.dll
0x00007ffecc760000 - 0x00007ffecc883000 	C:\WINDOWS\System32\RPCRT4.dll
0x00007ffeca610000 - 0x00007ffeca637000 	C:\WINDOWS\System32\bcrypt.dll
0x00007ffec9de0000 - 0x00007ffec9e2b000 	C:\WINDOWS\SYSTEM32\POWRPROF.dll
0x00007ffeae4c0000 - 0x00007ffeae4c9000 	C:\WINDOWS\SYSTEM32\WSOCK32.dll
0x00007ffead9e0000 - 0x00007ffeada07000 	C:\WINDOWS\SYSTEM32\WINMM.dll
0x00007ffec1e40000 - 0x00007ffec1e4a000 	C:\WINDOWS\SYSTEM32\VERSION.dll
0x00007ffecb680000 - 0x00007ffecb6eb000 	C:\WINDOWS\System32\WS2_32.dll
0x00007ffec9dc0000 - 0x00007ffec9dd2000 	C:\WINDOWS\SYSTEM32\UMPDC.dll
0x00007ffec8760000 - 0x00007ffec8772000 	C:\WINDOWS\SYSTEM32\kernel.appcore.dll
0x00007ffeaeca0000 - 0x00007ffeaecaa000 	C:\Users\PC\.jdks\graalvm-jdk-17.0.9\bin\jimage.dll
0x00007ffec4b30000 - 0x00007ffec4d14000 	C:\WINDOWS\SYSTEM32\DBGHELP.DLL
0x00007ffeae510000 - 0x00007ffeae544000 	C:\WINDOWS\SYSTEM32\dbgcore.DLL
0x00007ffeca580000 - 0x00007ffeca602000 	C:\WINDOWS\System32\bcryptPrimitives.dll
0x00007ffeb7540000 - 0x00007ffeb754e000 	C:\Users\PC\.jdks\graalvm-jdk-17.0.9\bin\instrument.dll
0x00007ffea7ae0000 - 0x00007ffea7b05000 	C:\Users\PC\.jdks\graalvm-jdk-17.0.9\bin\java.dll

dbghelp: loaded successfully - version: 4.0.5 - missing functions: none
symbol engine: initialized successfully - sym options: 0x614 - pdb path: .;C:\Users\PC\.jdks\graalvm-jdk-17.0.9\bin;C:\WINDOWS\SYSTEM32;C:\WINDOWS\WinSxS\amd64_microsoft.windows.common-controls_6595b64144ccf1df_6.0.19041.4355_none_60b8b9eb71f62e16;C:\Users\PC\.jdks\graalvm-jdk-17.0.9\bin\server

VM Arguments:
jvm_args: -XX:ThreadPriorityPolicy=1 -XX:+UnlockExperimentalVMOptions -XX:+EnableJVMCIProduct -XX:-UnlockExperimentalVMOptions -XX:TieredStopAtLevel=1 -Dspring.output.ansi.enabled=always -Dcom.sun.management.jmxremote -Dspring.jmx.enabled=true -Dspring.liveBeansView.mbeanDomain -Dspring.application.admin.enabled=true -Dmanagement.endpoints.jmx.exposure.include=* -javaagent:C:\Program Files\JetBrains\IntelliJ IDEA 2023.1.1\lib\idea_rt.jar=62067:C:\Program Files\JetBrains\IntelliJ IDEA 2023.1.1\bin -Dfile.encoding=UTF-8 
java_command: com.hedspi.flashcardbe.FlashcardBeApplication
java_class_path (initial): D:\Ky 9 - 20231\GR\flashcard-be\target\classes;C:\Users\PC\.m2\repository\org\springframework\boot\spring-boot-starter-data-jpa\3.2.4\spring-boot-starter-data-jpa-3.2.4.jar;C:\Users\PC\.m2\repository\org\springframework\boot\spring-boot-starter-aop\3.2.4\spring-boot-starter-aop-3.2.4.jar;C:\Users\PC\.m2\repository\org\aspectj\aspectjweaver\1.9.21\aspectjweaver-1.9.21.jar;C:\Users\PC\.m2\repository\org\springframework\boot\spring-boot-starter-jdbc\3.2.4\spring-boot-starter-jdbc-3.2.4.jar;C:\Users\PC\.m2\repository\com\zaxxer\HikariCP\5.0.1\HikariCP-5.0.1.jar;C:\Users\PC\.m2\repository\org\springframework\spring-jdbc\6.1.5\spring-jdbc-6.1.5.jar;C:\Users\PC\.m2\repository\org\hibernate\orm\hibernate-core\6.4.4.Final\hibernate-core-6.4.4.Final.jar;C:\Users\PC\.m2\repository\jakarta\persistence\jakarta.persistence-api\3.1.0\jakarta.persistence-api-3.1.0.jar;C:\Users\PC\.m2\repository\jakarta\transaction\jakarta.transaction-api\2.0.1\jakarta.transaction-api-2.0.1.jar;C:\Users\PC\.m2\repository\org\jboss\logging\jboss-logging\3.5.3.Final\jboss-logging-3.5.3.Final.jar;C:\Users\PC\.m2\repository\org\hibernate\common\hibernate-commons-annotations\6.0.6.Final\hibernate-commons-annotations-6.0.6.Final.jar;C:\Users\PC\.m2\repository\io\smallrye\jandex\3.1.2\jandex-3.1.2.jar;C:\Users\PC\.m2\repository\com\fasterxml\classmate\1.6.0\classmate-1.6.0.jar;C:\Users\PC\.m2\repository\net\bytebuddy\byte-buddy\1.14.12\byte-buddy-1.14.12.jar;C:\Users\PC\.m2\repository\org\glassfish\jaxb\jaxb-runtime\4.0.5\jaxb-runtime-4.0.5.jar;C:\Users\PC\.m2\repository\org\glassfish\jaxb\jaxb-core\4.0.5\jaxb-core-4.0.5.jar;C:\Users\PC\.m2\repository\org\eclipse\angus\angus-activation\2.0.2\angus-activation-2.0.2.jar;C:\Users\PC\.m2\repository\org\glassfish\jaxb\txw2\4.0.5\txw2-4.0.5.jar;C:\Users\PC\.m2\repository\com\sun\istack\istack-commons-runtime\4.1.2\istack-commons-runtime-4.1.2.jar;C:\Users\PC\.m2\repository\jakarta\inject\jakarta.inject-api\2.0.1\jakarta.inject-api-2.
Launcher Type: SUN_STANDARD

[Global flags]
     intx CICompilerCount                          = 4                                         {product} {ergonomic}
     uint ConcGCThreads                            = 2                                         {product} {ergonomic}
     bool EnableJVMCIProduct                       = true                                {JVMCI product} {jimage}
     uint G1ConcRefinementThreads                  = 8                                         {product} {ergonomic}
   size_t G1HeapRegionSize                         = 1048576                                   {product} {ergonomic}
    uintx GCDrainStackTargetSize                   = 64                                        {product} {ergonomic}
   size_t InitialHeapSize                          = 132120576                                 {product} {ergonomic}
     bool ManagementServer                         = true                                      {product} {command line}
   size_t MarkStackSize                            = 4194304                                   {product} {ergonomic}
   size_t MaxHeapSize                              = 2090860544                                {product} {ergonomic}
   size_t MinHeapDeltaBytes                        = 1048576                                   {product} {ergonomic}
   size_t MinHeapSize                              = 8388608                                   {product} {ergonomic}
    uintx NonProfiledCodeHeapSize                  = 0                                      {pd product} {ergonomic}
     bool ProfileInterpreter                       = false                                  {pd product} {command line}
    uintx ProfiledCodeHeapSize                     = 0                                      {pd product} {ergonomic}
   size_t SoftMaxHeapSize                          = 2090860544                             {manageable} {ergonomic}
     intx ThreadPriorityPolicy                     = 1                                         {product} {jimage}
     intx TieredStopAtLevel                        = 1                                         {product} {command line}
     bool UseCompressedClassPointers               = true                           {product lp64_product} {ergonomic}
     bool UseCompressedOops                        = true                           {product lp64_product} {ergonomic}
     bool UseG1GC                                  = true                                      {product} {ergonomic}
     bool UseLargePagesIndividualAllocation        = false                                  {pd product} {ergonomic}

Logging:
Log output configuration:
 #0: stdout all=warning uptime,level,tags
 #1: stderr all=off uptime,level,tags

Environment Variables:
JAVA_HOME=C:\Program Files\Java\jdk-17.0.5
CLASSPATH=C:\Program Files\Eclipse Adoptium\jdk-11.0.14.101-hotspot\jre\lib\ext
PATH=C:\Program Files\Common Files\Oracle\Java\javapath;C:\Program Files\Eclipse Adoptium\jdk-11.0.14.101-hotspot\bin;C:\WINDOWS\system32;C:\WINDOWS;C:\WINDOWS\System32\Wbem;C:\WINDOWS\System32\WindowsPowerShell\v1.0\;C:\WINDOWS\System32\OpenSSH\;C:\MinGW\MinGW\bin;C:\Program Files\Git\cmd;C:\Program Files\Azure Data Studio\bin;C:\WINDOWS\system32\config\systemprofile\AppData\Roaming\npm;C:\xampp\php;C:\composer;C:\Program Files\Java\jdk-17.0.5\bin;C:\Program Files\Java\jdk-11.0.13\bin;C:\Users\PC\AppData\Roaming\npm;C:\Program Files\sonar-scanner\bin;C:\gradle-7.1.1-bin\gradle-7.1.1\bin;C:\Program Files\nodejs\;C:\Program Files\Docker\Docker\resources\bin;C:\apache-maven-3.9.6\bin;;C:\Program Files\HP\HP One Agent;C:\Users\PC\AppData\Local\Programs\Python\Python39\Scripts\;C:\Users\PC\AppData\Local\Programs\Python\Python39\;C:\Users\PC\.pyenv\pyenv-win\bin;C:\Users\PC\.pyenv\pyenv-win\shims;C:\Ruby31-x64\bin;C:\Program Files\Java\jdk-11.0.13\bin;C:\Users\PC\AppData\Local\Programs\Microsoft VS Code\bin;C:\Program Files\JetBrains\IntelliJ IDEA 2023.1.1\bin;;C:\Users\PC\AppData\Roaming\npm;
USERNAME=PC
OS=Windows_NT
PROCESSOR_IDENTIFIER=Intel64 Family 6 Model 126 Stepping 5, GenuineIntel
TMP=C:\Users\PC\AppData\Local\Temp
TEMP=C:\Users\PC\AppData\Local\Temp



Periodic native trim disabled


---------------  S Y S T E M  ---------------

OS:
 Windows 10 , 64 bit Build 19041 (10.0.19041.3636)
OS uptime: 0 days 1:43 hours
Hyper-V role detected

CPU: total 8 (initial active 8) (4 cores per cpu, 2 threads per core) family 6 model 126 stepping 5 microcode 0xa0, cx8, cmov, fxsr, ht, mmx, 3dnowpref, sse, sse2, sse3, ssse3, sse4.1, sse4.2, popcnt, lzcnt, tsc, tscinvbit, avx, avx2, aes, erms, clmul, bmi1, bmi2, adx, avx512f, avx512dq, avx512cd, avx512bw, avx512vl, sha, fma, vzeroupper, avx512_vpopcntdq, avx512_vpclmulqdq, avx512_vaes, avx512_vnni, clflush, clflushopt, avx512_vbmi2, avx512_vbmi, hv
Processor Information for all 8 processors :
  Max Mhz: 1190, Current Mhz: 991, Mhz Limit: 987

Memory: 4k page, system-wide physical 7969M (999M free)
TotalPageFile size 11745M (AvailPageFile size 112M)
current process WorkingSet (physical memory assigned to process): 10M, peak: 10M
current process commit charge ("private bytes"): 55M, peak: 181M

vm_info: OpenJDK 64-Bit Server VM (17.0.9+9-jvmci-23.0-b22) for windows-amd64 JRE (17.0.9+9-jvmci-23.0-b22), built on Oct 18 2023 02:18:43 by "" with MS VC++ 17.1 (VS2022)

END.
